Mono path[0] = 'C:/Program Files (x86)/Steam/steamapps/common/VTOL VR/VTOLVR_Data/Managed'
Mono config path = 'C:/Program Files (x86)/Steam/steamapps/common/VTOL VR/MonoBleedingEdge/etc'
Initialize engine version: 2020.3.30f1 (1fb1bf06830e)
[Subsystems] Discovering subsystems at path C:/Program Files (x86)/Steam/steamapps/common/VTOL VR/VTOLVR_Data/UnitySubsystems
[Subsystems] No descriptors matched for  examples in UnitySubsystems/OculusXRPlugin/UnitySubsystemsManifest.json.
[Subsystems] 1 'inputs' descriptors matched in UnitySubsystems/OculusXRPlugin/UnitySubsystemsManifest.json
[Subsystems] 1 'displays' descriptors matched in UnitySubsystems/OculusXRPlugin/UnitySubsystemsManifest.json
[Subsystems] No descriptors matched for  meshings in UnitySubsystems/OculusXRPlugin/UnitySubsystemsManifest.json.
[Subsystems] No descriptors matched for  examples in UnitySubsystems/UnityOpenXR/UnitySubsystemsManifest.json.
[Subsystems] 1 'inputs' descriptors matched in UnitySubsystems/UnityOpenXR/UnitySubsystemsManifest.json
[Subsystems] 1 'displays' descriptors matched in UnitySubsystems/UnityOpenXR/UnitySubsystemsManifest.json
[Subsystems] No descriptors matched for  meshings in UnitySubsystems/UnityOpenXR/UnitySubsystemsManifest.json.
[Subsystems] No descriptors matched for  examples in UnitySubsystems/XRSDKOpenVR/UnitySubsystemsManifest.json.
[Subsystems] 1 'inputs' descriptors matched in UnitySubsystems/XRSDKOpenVR/UnitySubsystemsManifest.json
[Subsystems] 1 'displays' descriptors matched in UnitySubsystems/XRSDKOpenVR/UnitySubsystemsManifest.json
[Subsystems] No descriptors matched for  meshings in UnitySubsystems/XRSDKOpenVR/UnitySubsystemsManifest.json.
GfxDevice: creating device client; threaded=1
Direct3D:
    Version:  Direct3D 11.0 [level 11.1]
    Renderer: AMD Radeon (TM) Graphics (ID=0x15e7)
    Vendor:   
    VRAM:     16052 MB
    Driver:   31.0.12028.2
Begin MonoManager ReloadAssembly
- Completed reload, in  2.742 seconds
XRGeneral Settings awakening...
D3D11 device created for Microsoft Media Foundation video decoding.
[XR] OculusXRPlugin: registering subsystems
[Subsystems] OculusXRPlugin successfully registered Provider for oculus display
[XR] Oculus Input lifecycle provider registered.
[Subsystems] OculusXRPlugin successfully registered Provider for oculus input
[Subsystems] OculusXRPlugin successfully registered Provider for oculus display
<RI> Initializing input.
<RI> Input initialized.
<RI> Initialized touch support.
UnloadTime: 0.717500 ms
XRLoaderSelector.StartXR()
 - Starting Open VR Loader
[XR] [OpenVR] Registering providers
[XR] [OpenVR] Display lifecyle provider registered
[Subsystems] OculusXRPlugin successfully registered Provider for oculus input
[Subsystems] OculusXRPlugin successfully registered Provider for oculus display
[Subsystems] XRSDKOpenVR successfully registered Provider for OpenVR Display
[XR] [OpenVR] Input lifecycle provider registered
[Subsystems] OculusXRPlugin successfully registered Provider for oculus input
[Subsystems] OculusXRPlugin successfully registered Provider for oculus display
[Subsystems] XRSDKOpenVR successfully registered Provider for OpenVR Input
[Subsystems] XRSDKOpenVR successfully registered Provider for OpenVR Display
[Subsystems] Loading plugin XRSDKOpenVR for subsystem OpenVR Display...
[XR] [OpenVR] static Initialize: 
[XR] [OpenVR] Starting Initialize
[XR] [OpenVR] Loaded settings: 
	Editor App Name : 
[XR] 	Editor App Key : 
[XR] 	Action Manifest Path : C:\Program Files (x86)\Steam\steamapps\common\VTOL VR\VTOLVR_Data\StreamingAssets\SteamVR\actions.json
[XR] 	Stereo Rendering Mode : Single Pass Instanced
[XR] 	Initialization Type : Scene
[XR] 	Mirror View Mode : Right Eye
[XR] [OpenVR] startupInfo: { 
	"action_manifest_path": "C:/Program Files (x86)/Steam/steamapps/common/VTOL VR/VTOLVR_Data/StreamingAssets/SteamVR/actions.json"
}
[XR] [OpenVR] [ERROR] VR_Init initError: VRInitError_Init_HmdNotFound
[XR] [OpenVR] Starting Initialize
[XR] [OpenVR] startupInfo: { 
	"action_manifest_path": "C:/Program Files (x86)/Steam/steamapps/common/VTOL VR/VTOLVR_Data/StreamingAssets/SteamVR/actions.json"
}
[XR] [OpenVR] [ERROR] VR_Init initError: VRInitError_Init_HmdNotFound
[XR] [OpenVR] XR OpenVR Display Shutdown
[XR] [OpenVR] Shutdown
<b>[OpenVR]</b> Could not initialize OpenVR. Error code: Init_HmdNotFound
VR_SDK_ID = 
VR_SDK_ID = 
VR_SDK_ID = 
Failed to load XR. Trying again with Oculus...
[XR] Oculus settings : 
	Shared Depth Buffer: Yes
	Dash Support: Yes
	Requested Stereo Rendering Mode Single Pass Instanced
	Color Space: Linear
	Low Overhead Mode: No
	Optimize Buffer Discards: Yes
	Phase Sync: No
	Subsampled Layout: No
[Subsystems] Loading plugin OculusXRPlugin for subsystem oculus display...
[XR] OVRPlugin failed to initialize.
[XR] Oculus XR Plugin Failed to initialize OVR plugin.
[Subsystems] Failed to initialize subsystem oculus display [error: 1]
[Subsystems] Loading plugin OculusXRPlugin for subsystem oculus input...
[XR] XR input Oculus failed to initialize OVR plugin.
[Subsystems] Failed to initialize subsystem oculus input [error: 1]
Unable to start Oculus XR Plugin.
Possible causes include a headset not being attached, or the Oculus runtime is not installed or up to date.
If you've recently installed or updated the Oculus runtime, you may need to reboot or close Unity and the Unity Hub and try again.
VR_SDK_ID = 
VR_SDK_ID = 
Initializing Steam Client
Initializing Rewired User Data
XR Loader: Oculus Loader
XR Loader: Open VR Loader
OS Version: Microsoft Windows NT 10.0.22631.0
VTOL VR v1.8.7f1
Steamworks initialized!
VTLocalizationManager: trying to get supported languages from VTOLVR_Strings
Checking for other files
 - Found a separate localization file with key: ja
 - Found a separate localization file with key: ko
 - Found a separate localization file with key: ru
 - Found a separate localization file with key: zh
 - - SUCCESS: Loaded supported languages!
Loading game settings for the first time.
Loading game settings from file.
XRDevice.model == 
VTLocalizationManager: trying to get supported languages from VTOLVR_Strings
Checking for other files
 - Found a separate localization file with key: ja
 - Found a separate localization file with key: ko
 - Found a separate localization file with key: ru
 - Found a separate localization file with key: zh
 - - SUCCESS: Loaded supported languages!
VTLocalizationManager loading data from CSV
- Loaded 2527 keys from VTOLVR_Strings template
 - Found a separate localization file with langCode: ja
 - - Overwrote 2282 keys from C:\Program Files (x86)\Steam\steamapps\common\VTOL VR\Localization\ja\VTOLVR_Strings_ja.csv
 - Found a separate localization file with langCode: ko
 - - Overwrote 1919 keys from C:\Program Files (x86)\Steam\steamapps\common\VTOL VR\Localization\ko\VTOLVR_Strings_ko.csv
 - Found a separate localization file with langCode: ru
 - - Overwrote 1548 keys from C:\Program Files (x86)\Steam\steamapps\common\VTOL VR\Localization\ru\VTOLVR_Strings_ru.csv
 - Found a separate localization file with langCode: zh
 - - Overwrote 2490 keys from C:\Program Files (x86)\Steam\steamapps\common\VTOL VR\Localization\zh\VTOLVR_Strings_zh.csv
Separate language files overwrote 8239 existing strings
VR_SDK_ID = 
VR_SDK_ID = 
Initial VR SDK: 
PhraseRecognitionSystem.isSupported is true.  Warming up keyword recognizer.
KeywordRecognizer successfully started and stopped.
Loaded scene: LaunchSplashScene
Fading in (1)
BGMManager FadeIn
BGM currentSource is not playing!
Fading to new ID: VTOL_Test_007_v3, (oldID: )
Fading in (1)
Setting up 8 worker threads for Enlighten.
  Thread -> id: 4e6c -> priority: 1 
  Thread -> id: 3b7c -> priority: 1 
  Thread -> id: 2644 -> priority: 1 
  Thread -> id: 4624 -> priority: 1 
  Thread -> id: 50c0 -> priority: 1 
  Thread -> id: 3b74 -> priority: 1 
  Thread -> id: 4b8c -> priority: 1 
  Thread -> id: 2680 -> priority: 1 
New max framerate: 47
New max framerate: 687
New max framerate: 936
Loading player vehicles async...
Couldn't create a Convex Mesh from source mesh "canopyGlassBreakLeft" within the maximum polygons limit (256). The partial hull will be used. Consider simplifying your mesh.
Couldn't create a Convex Mesh from source mesh "canopyGlassBreakRight" within the maximum polygons limit (256). The partial hull will be used. Consider simplifying your mesh.
New max framerate: 1730
New max framerate: 2613
New max framerate: 2870
New max framerate: 3197
Successfully loaded asset for DLC AH-94! (v1.2.0f5)
Successfully loaded asset for DLC EF-24G! (v1.0.2f1)
Installed DLC: [1770480] VTOL VR: AH-94 Attack Helicopter
 - already loaded.
Installed DLC: [2141700] VTOL VR: T-55 Tyro - Trainer Jet
 - already loaded.
Installed DLC: [2531290] VTOL VR: EF-24 Mischief - Electronic Warfare
 - already loaded.
Loading custom scenarios async
Loading all missions!
Loading built-in campaigns from resources.
VTCampaignInfo(av42cTheIsland)
VTCampaignInfo(av42cQuickFlight)
VTCampaignInfo(fa26bFreeFlight)
VTCampaignInfo(j4Campaign)
VTCampaignInfo(fa26-opDesertCobra)
VTCampaignInfo(f45-quickFlight)
VTCampaignInfo(arcadeTutorial)
VTCampaignInfo(ah94-quickFlight)
VTCampaignInfo(t55-quickMissions)
VTCampaignInfo(t55-borderWar)
VTCampaignInfo(ef24FreeFlight)
VTCampaignInfo(ef24_spCampaign)
VTCampaignInfo(av42c_tutorials)
VTCampaignInfo(fa26b_tutorials)
VTCampaignInfo(ah94-tutorials)
VTCampaignInfo(quickMPFlights)
VTCampaignInfo(mp_PVPScenarios)
VTCampaignInfo(ah94-mpMissions)
VTCampaignInfo(ah94-quickFlight_mp)
VTCampaignInfo(t55-mpMissions)
VTCampaignInfo(t55-borderWar_mp)
VTCampaignInfo(ef24_mpMissions)
VTCampaignInfo(ef24_spCampaign_mp)
Loading custom campaigns:
- Loading campaign: nochal_dynamic
 - loaded scenarios:
 - - nochal_dynamic_1
- Skipped 0 campaigns (not modified.)
Loading standalone scenarios:
Done loading all resources async (29.91004 seconds)
Loading resources of type WingmanVoiceProfile ASYNC.
 Async loading: VTEdit/WingmanVoiceProfiles/DefaultWingmanVoice
Loading resources of type AWACSVoiceProfile ASYNC.
 Async loading: AWACSVoices/DefaultAWACS
Loading ground crew voices ASYNC!
Loading resources of type GroundCrewVoiceProfile ASYNC.
 Async loading: GroundCrewVoices/DefaultGroundCrewVoice
Setting up TargetIdentityManager registry
TargetIdentityManager indexed 156 identities.
 Async loading: VTEdit/WingmanVoiceProfiles/Apricot
 Async loading: AWACSVoices/Shamebird(Chieh)
 Async loading: GroundCrewVoices/Fyrcat
The referenced script on this Behaviour (Game Object 'CamRig') is missing!
Fading out
Unloading 6 Unused Serialized files (Serialized files now loaded: 2)
UnloadTime: 3.469400 ms
XRLoaderSelector.StartXR()
 - Starting Oculus Loader
[XR] Oculus settings : 
	Shared Depth Buffer: Yes
	Dash Support: Yes
	Requested Stereo Rendering Mode Single Pass Instanced
	Color Space: Linear
	Low Overhead Mode: No
	Optimize Buffer Discards: Yes
	Phase Sync: No
	Subsampled Layout: No
[Subsystems] Loading plugin OculusXRPlugin for subsystem oculus display...
[XR] OVRPlugin failed to initialize.
[XR] Oculus XR Plugin Failed to initialize OVR plugin.
[Subsystems] Failed to initialize subsystem oculus display [error: 1]
[Subsystems] Loading plugin OculusXRPlugin for subsystem oculus input...
[XR] XR input Oculus failed to initialize OVR plugin.
[Subsystems] Failed to initialize subsystem oculus input [error: 1]
Unable to start Oculus XR Plugin.
Possible causes include a headset not being attached, or the Oculus runtime is not installed or up to date.
If you've recently installed or updated the Oculus runtime, you may need to reboot or close Unity and the Unity Hub and try again.
VR_SDK_ID = 
VR_SDK_ID = 
VR_SDK_ID = 
Failed to load XR. Trying again with Oculus...
[XR] Oculus settings : 
	Shared Depth Buffer: Yes
	Dash Support: Yes
	Requested Stereo Rendering Mode Single Pass Instanced
	Color Space: Linear
	Low Overhead Mode: No
	Optimize Buffer Discards: Yes
	Phase Sync: No
	Subsampled Layout: No
[Subsystems] Loading plugin OculusXRPlugin for subsystem oculus display...
[XR] OVRPlugin failed to initialize.
[XR] Oculus XR Plugin Failed to initialize OVR plugin.
[Subsystems] Failed to initialize subsystem oculus display [error: 1]
[Subsystems] Loading plugin OculusXRPlugin for subsystem oculus input...
[XR] XR input Oculus failed to initialize OVR plugin.
[Subsystems] Failed to initialize subsystem oculus input [error: 1]
Unable to start Oculus XR Plugin.
Possible causes include a headset not being attached, or the Oculus runtime is not installed or up to date.
If you've recently installed or updated the Oculus runtime, you may need to reboot or close Unity and the Unity Hub and try again.
VR_SDK_ID = 
VR_SDK_ID = 
VR_SDK_ID = 
VR SDK: 
SDK is oculus: False
MeshCombiner2 destroyed 0 meshes!
<b>[SteamVR]</b> Not Initialized (109)
<b>[SteamVR]</b> Initialization failed. Please verify that you have SteamVR installed, your hmd is functioning, and OpenVR Loader is checked in the XR Plugin Management section of Project Settings.
Uploading Crash Report
NullReferenceException: Object reference not set to an instance of an object
  at Valve.VR.SteamVR_Action_Pose_Source.UpdateValue (System.Boolean skipStateAndEventUpdates) [0x0009e] in <5203a5c4b7b540bb89a41940082830a4>:0 
  at Valve.VR.SteamVR_Action_Pose_Source.UpdateValue () [0x00000] in <5203a5c4b7b540bb89a41940082830a4>:0 
  at Valve.VR.SteamVR_Action_In_Source_Map`1[SourceElement].ForceAddSourceToUpdateList (Valve.VR.SteamVR_Input_Sources inputSource) [0x00068] in <5203a5c4b7b540bb89a41940082830a4>:0 
  at Valve.VR.SteamVR_Action_In_Source_Map`1[SourceElement].OnAccessSource (Valve.VR.SteamVR_Input_Sources inputSource) [0x00007] in <5203a5c4b7b540bb89a41940082830a4>:0 
  at Valve.VR.SteamVR_Action_Source_Map`1[SourceElement].GetSourceElementForIndexer (Valve.VR.SteamVR_Input_Sources inputSource) [0x00002] in <5203a5c4b7b540bb89a41940082830a4>:0 
  at Valve.VR.SteamVR_Action_Source_Map`1[SourceElement].get_Item (Valve.VR.SteamVR_Input_Sources inputSource) [0x00000] in <5203a5c4b7b540bb89a41940082830a4>:0 
  at Valve.VR.SteamVR_Action`2[SourceMap,SourceElement].get_Item (Valve.VR.SteamVR_Input_Sources inputSource) [0x00000] in <5203a5c4b7b540bb89a41940082830a4>:0 
  at Valve.VR.SteamVR_Behaviour_Pose.OnEnable () [0x00017] in <5203a5c4b7b540bb89a41940082830a4>:0 

<b>[SteamVR]</b> Not Initialized (109)
<b>[SteamVR]</b> Initialization failed. Please verify that you have SteamVR installed, your hmd is functioning, and OpenVR Loader is checked in the XR Plugin Management section of Project Settings.
NullReferenceException: Object reference not set to an instance of an object
  at Valve.VR.SteamVR_Action_Pose_Source.UpdateValue (System.Boolean skipStateAndEventUpdates) [0x0009e] in <5203a5c4b7b540bb89a41940082830a4>:0 
  at Valve.VR.SteamVR_Action_Pose_Source.UpdateValue () [0x00000] in <5203a5c4b7b540bb89a41940082830a4>:0 
  at Valve.VR.SteamVR_Action_In_Source_Map`1[SourceElement].ForceAddSourceToUpdateList (Valve.VR.SteamVR_Input_Sources inputSource) [0x00068] in <5203a5c4b7b540bb89a41940082830a4>:0 
  at Valve.VR.SteamVR_Action_In_Source_Map`1[SourceElement].OnAccessSource (Valve.VR.SteamVR_Input_Sources inputSource) [0x00007] in <5203a5c4b7b540bb89a41940082830a4>:0 
  at Valve.VR.SteamVR_Action_Source_Map`1[SourceElement].GetSourceElementForIndexer (Valve.VR.SteamVR_Input_Sources inputSource) [0x00002] in <5203a5c4b7b540bb89a41940082830a4>:0 
  at Valve.VR.SteamVR_Action_Source_Map`1[SourceElement].get_Item (Valve.VR.SteamVR_Input_Sources inputSource) [0x00000] in <5203a5c4b7b540bb89a41940082830a4>:0 
  at Valve.VR.SteamVR_Action`2[SourceMap,SourceElement].get_Item (Valve.VR.SteamVR_Input_Sources inputSource) [0x00000] in <5203a5c4b7b540bb89a41940082830a4>:0 
  at Valve.VR.SteamVR_Behaviour_Pose.OnEnable () [0x00017] in <5203a5c4b7b540bb89a41940082830a4>:0 

Tried to register wind receiver but WindVolumes instance is null!
Reset particle wind space position. Num particles shifted: 0
model: 
Tried to register wind receiver but WindVolumes instance is null!
Engine missing atmospheric curve.
Platoons/CarrierPlatoon/FA-26B AI (2)/aFighter2/fa26-rightEngine
Engine missing speed curve.
Platoons/CarrierPlatoon/FA-26B AI (2)/aFighter2/fa26-rightEngine
Tried to register wind receiver but WindVolumes instance is null!
Engine missing atmospheric curve.
Platoons/CarrierPlatoon/FA-26B AI (2)/aFighter2/fa26-leftEngine
Engine missing speed curve.
Platoons/CarrierPlatoon/FA-26B AI (2)/aFighter2/fa26-leftEngine
Tried to register wind receiver but WindVolumes instance is null!
Invoking OnVRHeadChanged
New audio listener: Camera (eye)
Tried to register wind receiver but WindVolumes instance is null!
Tried to register wind receiver but WindVolumes instance is null!
Engine missing atmospheric curve.
Platoons/CarrierPlatoon/FA-26B AI/aFighter2/fa26-leftEngine
Engine missing speed curve.
Platoons/CarrierPlatoon/FA-26B AI/aFighter2/fa26-leftEngine
Engine missing atmospheric curve.
Platoons/CarrierPlatoon/FA-26B AI (1)/aFighter2/fa26-rightEngine
Engine missing speed curve.
Platoons/CarrierPlatoon/FA-26B AI (1)/aFighter2/fa26-rightEngine
Engine missing atmospheric curve.
Platoons/CarrierPlatoon/FA-26B AI/aFighter2/fa26-rightEngine
Engine missing speed curve.
Platoons/CarrierPlatoon/FA-26B AI/aFighter2/fa26-rightEngine
Engine missing atmospheric curve.
Platoons/CarrierPlatoon/FA-26B AI (1)/aFighter2/fa26-leftEngine
Engine missing speed curve.
Platoons/CarrierPlatoon/FA-26B AI (1)/aFighter2/fa26-leftEngine
Tried to register wind receiver but WindVolumes instance is null!
Tried to register wind receiver but WindVolumes instance is null!
RadarJammer Radar initialized.
TelescopePiston.AutoGetRenderers()
TelescopePiston.AutoGetRenderers()
TelescopePiston.AutoGetRenderers()
TelescopePiston.AutoGetRenderers()
TelescopePiston.AutoGetRenderers()
TelescopePiston.AutoGetRenderers()
TelescopePiston.AutoGetRenderers()
TelescopePiston.AutoGetRenderers()
TelescopePiston.AutoGetRenderers()
TelescopePiston.AutoGetRenderers()
TelescopePiston.AutoGetRenderers()
TelescopePiston.AutoGetRenderers()
TelescopePiston.AutoGetRenderers()
TelescopePiston.AutoGetRenderers()
TelescopePiston.AutoGetRenderers()
TelescopePiston.AutoGetRenderers()
TelescopePiston.AutoGetRenderers()
TelescopePiston.AutoGetRenderers()
TelescopePiston.AutoGetRenderers()
TelescopePiston.AutoGetRenderers()
TelescopePiston.AutoGetRenderers()
TelescopePiston.AutoGetRenderers()
TelescopePiston.AutoGetRenderers()
TelescopePiston.AutoGetRenderers()
Loaded scene: SamplerScene
Registering actor FA-26B AI (2) (F/A-26B)
FA-26B AI (2)._masterArmed = True
FA-26B AI (2)._masterArmed = False
Game version: VTOL VR v1.8.7f1
Set current pilot to none
Setting current campaign to null.
Setting current scenario to null.
Set current vehicle to none
particleLOD LODObject has no LODBase.
Registering actor PhalanxUnitRear (Phalanx)
Registering actor PhalanxUnitFrontRight (Phalanx)
Registering actor elevatorLeft (1) ()
Registering actor null
AV-42CAI._masterArmed = True
AV-42CAI._masterArmed = False
AI Pilot has no default orbit transform. Creating one at its spawnpoint.
Registering actor FA-26B AI (1) (F/A-26B)
FA-26B AI (1)._masterArmed = True
FA-26B AI (1)._masterArmed = False
Registering actor MK29RearRight (MK29 Launcher)
Registering actor FA-26B AI (F/A-26B)
FA-26B AI LODObject has no LODBase.
FA-26B AI LODRenderer has no LODBase.
AI Pilot has no default orbit transform. Creating one at its spawnpoint.
FA-26B AI._masterArmed = True
FA-26B AI._masterArmed = False
AI Pilot has no default orbit transform. Creating one at its spawnpoint.
Registering actor VTOL4AI (Xray1-2)
VTOL4AI._masterArmed = True
VTOL4AI._masterArmed = False
AV-42CAI (1)._masterArmed = True
AV-42CAI (1)._masterArmed = False
Registering actor AV-42CAI (1) (Xray1-2)
intro start
Registering actor MK29FrontLeft (MK29 Launcher)
Registering actor MK29RearLeft (MK29 Launcher)
Registering actor PhalanxUnitFrontLeft (Phalanx)
Registering actor F-45A AI (F-45A)
Registering actor MineBoat (Mine Boat)
AI Pilot has no default orbit transform. Creating one at its spawnpoint.
AI Pilot has no default orbit transform. Creating one at its spawnpoint.
Registering actor AV-42CAI (AV-42C)
No true identity found for AV-42CAI (AV-42C). Creating fallback.
No true identity found for F-45A AI (F-45A). Creating fallback.
NavMapThread started.
VTNetworkManager Awake
New batched raycast (fixed) native array length: 24
Uploading Crash Report
NullReferenceException: Object reference not set to an instance of an object
  at Valve.VR.SteamVR_Input_Source.GetHandle (Valve.VR.SteamVR_Input_Sources inputSource) [0x00002] in <5203a5c4b7b540bb89a41940082830a4>:0 
  at Valve.VR.SteamVR_Action_Single_Source.UpdateValue () [0x00034] in <5203a5c4b7b540bb89a41940082830a4>:0 
  at Valve.VR.SteamVR_Action_In_Source_Map`1[SourceElement].ForceAddSourceToUpdateList (Valve.VR.SteamVR_Input_Sources inputSource) [0x00068] in <5203a5c4b7b540bb89a41940082830a4>:0 
  at Valve.VR.SteamVR_Action_In_Source_Map`1[SourceElement].OnAccessSource (Valve.VR.SteamVR_Input_Sources inputSource) [0x00007] in <5203a5c4b7b540bb89a41940082830a4>:0 
  at Valve.VR.SteamVR_Action_Source_Map`1[SourceElement].GetSourceElementForIndexer (Valve.VR.SteamVR_Input_Sources inputSource) [0x00002] in <5203a5c4b7b540bb89a41940082830a4>:0 
  at Valve.VR.SteamVR_Action_Source_Map`1[SourceElement].get_Item (Valve.VR.SteamVR_Input_Sources inputSource) [0x00000] in <5203a5c4b7b540bb89a41940082830a4>:0 
  at Valve.VR.SteamVR_Action`2[SourceMap,SourceElement].get_Item (Valve.VR.SteamVR_Input_Sources inputSource) [0x00000] in <5203a5c4b7b540bb89a41940082830a4>:0 
  at VTSteamVRController.GetTriggerAxis () [0x00000] in <226593bbbbe6484782634e19412f95b0>:0 
  at VRHandController.Update () [0x00051] in <226593bbbbe6484782634e19412f95b0>:0 

NullReferenceException: Object reference not set to an instance of an object
  at Valve.VR.SteamVR_Input_Source.GetHandle (Valve.VR.SteamVR_Input_Sources inputSource) [0x00002] in <5203a5c4b7b540bb89a41940082830a4>:0 
  at Valve.VR.SteamVR_Action_Single_Source.UpdateValue () [0x00034] in <5203a5c4b7b540bb89a41940082830a4>:0 
  at Valve.VR.SteamVR_Action_In_Source_Map`1[SourceElement].ForceAddSourceToUpdateList (Valve.VR.SteamVR_Input_Sources inputSource) [0x00068] in <5203a5c4b7b540bb89a41940082830a4>:0 
  at Valve.VR.SteamVR_Action_In_Source_Map`1[SourceElement].OnAccessSource (Valve.VR.SteamVR_Input_Sources inputSource) [0x00007] in <5203a5c4b7b540bb89a41940082830a4>:0 
  at Valve.VR.SteamVR_Action_Source_Map`1[SourceElement].GetSourceElementForIndexer (Valve.VR.SteamVR_Input_Sources inputSource) [0x00002] in <5203a5c4b7b540bb89a41940082830a4>:0 
  at Valve.VR.SteamVR_Action_Source_Map`1[SourceElement].get_Item (Valve.VR.SteamVR_Input_Sources inputSource) [0x00000] in <5203a5c4b7b540bb89a41940082830a4>:0 
  at Valve.VR.SteamVR_Action`2[SourceMap,SourceElement].get_Item (Valve.VR.SteamVR_Input_Sources inputSource) [0x00000] in <5203a5c4b7b540bb89a41940082830a4>:0 
  at VTSteamVRController.GetTriggerAxis () [0x00000] in <226593bbbbe6484782634e19412f95b0>:0 
  at VRHandController.Update () [0x00051] in <226593bbbbe6484782634e19412f95b0>:0 

Actor recording velocity (elevatorLeft (1) ())
Actor recording velocity (null)
Actor recording velocity (FA-26B AI (1) (F/A-26B))
Actor recording velocity (FA-26B AI (F/A-26B))
Actor recording velocity (MineBoat (Mine Boat))
Uploading Crash Report
NullReferenceException: Object reference not set to an instance of an object
  at Valve.VR.SteamVR_Action_Boolean_Source.UpdateValue () [0x00028] in <5203a5c4b7b540bb89a41940082830a4>:0 
  at Valve.VR.SteamVR_Action_In_Source_Map`1[SourceElement].ForceAddSourceToUpdateList (Valve.VR.SteamVR_Input_Sources inputSource) [0x00068] in <5203a5c4b7b540bb89a41940082830a4>:0 
  at Valve.VR.SteamVR_Action_In_Source_Map`1[SourceElement].OnAccessSource (Valve.VR.SteamVR_Input_Sources inputSource) [0x00007] in <5203a5c4b7b540bb89a41940082830a4>:0 
  at Valve.VR.SteamVR_Action_Source_Map`1[SourceElement].GetSourceElementForIndexer (Valve.VR.SteamVR_Input_Sources inputSource) [0x00002] in <5203a5c4b7b540bb89a41940082830a4>:0 
  at Valve.VR.SteamVR_Action_Source_Map`1[SourceElement].get_Item (Valve.VR.SteamVR_Input_Sources inputSource) [0x00000] in <5203a5c4b7b540bb89a41940082830a4>:0 
  at Valve.VR.SteamVR_Action`2[SourceMap,SourceElement].get_active () [0x00000] in <5203a5c4b7b540bb89a41940082830a4>:0 
  at VTSteamVRController.Update () [0x000be] in <226593bbbbe6484782634e19412f95b0>:0 

Uploading Crash Report
NullReferenceException: Object reference not set to an instance of an object
  at Valve.VR.SteamVR_Action_Boolean_Source.UpdateValue () [0x00028] in <5203a5c4b7b540bb89a41940082830a4>:0 
  at Valve.VR.SteamVR_Action_In_Source_Map`1[SourceElement].ForceAddSourceToUpdateList (Valve.VR.SteamVR_Input_Sources inputSource) [0x00068] in <5203a5c4b7b540bb89a41940082830a4>:0 
  at Valve.VR.SteamVR_Action_In_Source_Map`1[SourceElement].OnAccessSource (Valve.VR.SteamVR_Input_Sources inputSource) [0x00007] in <5203a5c4b7b540bb89a41940082830a4>:0 
  at Valve.VR.SteamVR_Action_Source_Map`1[SourceElement].GetSourceElementForIndexer (Valve.VR.SteamVR_Input_Sources inputSource) [0x00002] in <5203a5c4b7b540bb89a41940082830a4>:0 
  at Valve.VR.SteamVR_Action_Source_Map`1[SourceElement].get_Item (Valve.VR.SteamVR_Input_Sources inputSource) [0x00000] in <5203a5c4b7b540bb89a41940082830a4>:0 
  at Valve.VR.SteamVR_Action`2[SourceMap,SourceElement].get_Item (Valve.VR.SteamVR_Input_Sources inputSource) [0x00000] in <5203a5c4b7b540bb89a41940082830a4>:0 
  at VTSteamVRController.Update () [0x0012f] in <226593bbbbe6484782634e19412f95b0>:0 

New batched raycast native array length: 15

Unloading 163 unused Assets to reduce memory usage. Loaded Objects now: 211196.
Total: 203.339200 ms (FindLiveObjects: 11.615900 ms CreateObjectMapping: 19.253700 ms MarkObjects: 171.880800 ms  DeleteObjects: 0.587800 ms)

Uploading Crash Report
NullReferenceException: Object reference not set to an instance of an object
  at Valve.VR.SteamVR_Input_Source.GetHandle (Valve.VR.SteamVR_Input_Sources inputSource) [0x00002] in <5203a5c4b7b540bb89a41940082830a4>:0 
  at Valve.VR.SteamVR_Action_Vector2_Source.UpdateValue () [0x0004c] in <5203a5c4b7b540bb89a41940082830a4>:0 
  at Valve.VR.SteamVR_Action_In_Source_Map`1[SourceElement].ForceAddSourceToUpdateList (Valve.VR.SteamVR_Input_Sources inputSource) [0x00068] in <5203a5c4b7b540bb89a41940082830a4>:0 
  at Valve.VR.SteamVR_Action_In_Source_Map`1[SourceElement].OnAccessSource (Valve.VR.SteamVR_Input_Sources inputSource) [0x00007] in <5203a5c4b7b540bb89a41940082830a4>:0 
  at Valve.VR.SteamVR_Action_Source_Map`1[SourceElement].GetSourceElementForIndexer (Valve.VR.SteamVR_Input_Sources inputSource) [0x00002] in <5203a5c4b7b540bb89a41940082830a4>:0 
  at Valve.VR.SteamVR_Action_Source_Map`1[SourceElement].get_Item (Valve.VR.SteamVR_Input_Sources inputSource) [0x00000] in <5203a5c4b7b540bb89a41940082830a4>:0 
  at Valve.VR.SteamVR_Action`2[SourceMap,SourceElement].get_Item (Valve.VR.SteamVR_Input_Sources inputSource) [0x00000] in <5203a5c4b7b540bb89a41940082830a4>:0 
  at VTSteamVRController.GetStickAxis () [0x00000] in <226593bbbbe6484782634e19412f95b0>:0 
  at VRHandController.Update () [0x000ca] in <226593bbbbe6484782634e19412f95b0>:0 

NullReferenceException: Object reference not set to an instance of an object
  at Valve.VR.SteamVR_Input_Source.GetHandle (Valve.VR.SteamVR_Input_Sources inputSource) [0x00002] in <5203a5c4b7b540bb89a41940082830a4>:0 
  at Valve.VR.SteamVR_Action_Vector2_Source.UpdateValue () [0x0004c] in <5203a5c4b7b540bb89a41940082830a4>:0 
  at Valve.VR.SteamVR_Action_In_Source_Map`1[SourceElement].ForceAddSourceToUpdateList (Valve.VR.SteamVR_Input_Sources inputSource) [0x00068] in <5203a5c4b7b540bb89a41940082830a4>:0 
  at Valve.VR.SteamVR_Action_In_Source_Map`1[SourceElement].OnAccessSource (Valve.VR.SteamVR_Input_Sources inputSource) [0x00007] in <5203a5c4b7b540bb89a41940082830a4>:0 
  at Valve.VR.SteamVR_Action_Source_Map`1[SourceElement].GetSourceElementForIndexer (Valve.VR.SteamVR_Input_Sources inputSource) [0x00002] in <5203a5c4b7b540bb89a41940082830a4>:0 
  at Valve.VR.SteamVR_Action_Source_Map`1[SourceElement].get_Item (Valve.VR.SteamVR_Input_Sources inputSource) [0x00000] in <5203a5c4b7b540bb89a41940082830a4>:0 
  at Valve.VR.SteamVR_Action`2[SourceMap,SourceElement].get_Item (Valve.VR.SteamVR_Input_Sources inputSource) [0x00000] in <5203a5c4b7b540bb89a41940082830a4>:0 
  at VTSteamVRController.GetStickAxis () [0x00000] in <226593bbbbe6484782634e19412f95b0>:0 
  at VRHandController.Update () [0x000ca] in <226593bbbbe6484782634e19412f95b0>:0 

NullReferenceException: Object reference not set to an instance of an object
  at Valve.VR.SteamVR_Action_Boolean_Source.UpdateValue () [0x00028] in <5203a5c4b7b540bb89a41940082830a4>:0 
  at Valve.VR.SteamVR_Action_In_Source_Map`1[SourceElement].ForceAddSourceToUpdateList (Valve.VR.SteamVR_Input_Sources inputSource) [0x00068] in <5203a5c4b7b540bb89a41940082830a4>:0 
  at Valve.VR.SteamVR_Action_In_Source_Map`1[SourceElement].OnAccessSource (Valve.VR.SteamVR_Input_Sources inputSource) [0x00007] in <5203a5c4b7b540bb89a41940082830a4>:0 
  at Valve.VR.SteamVR_Action_Source_Map`1[SourceElement].GetSourceElementForIndexer (Valve.VR.SteamVR_Input_Sources inputSource) [0x00002] in <5203a5c4b7b540bb89a41940082830a4>:0 
  at Valve.VR.SteamVR_Action_Source_Map`1[SourceElement].get_Item (Valve.VR.SteamVR_Input_Sources inputSource) [0x00000] in <5203a5c4b7b540bb89a41940082830a4>:0 
  at Valve.VR.SteamVR_Action`2[SourceMap,SourceElement].get_Item (Valve.VR.SteamVR_Input_Sources inputSource) [0x00000] in <5203a5c4b7b540bb89a41940082830a4>:0 
  at VTSteamVRController.Update () [0x0012f] in <226593bbbbe6484782634e19412f95b0>:0 

NullReferenceException: Object reference not set to an instance of an object
  at Valve.VR.SteamVR_Action_Boolean_Source.UpdateValue () [0x00028] in <5203a5c4b7b540bb89a41940082830a4>:0 
  at Valve.VR.SteamVR_Action_In_Source_Map`1[SourceElement].ForceAddSourceToUpdateList (Valve.VR.SteamVR_Input_Sources inputSource) [0x00068] in <5203a5c4b7b540bb89a41940082830a4>:0 
  at Valve.VR.SteamVR_Action_In_Source_Map`1[SourceElement].OnAccessSource (Valve.VR.SteamVR_Input_Sources inputSource) [0x00007] in <5203a5c4b7b540bb89a41940082830a4>:0 
  at Valve.VR.SteamVR_Action_Source_Map`1[SourceElement].GetSourceElementForIndexer (Valve.VR.SteamVR_Input_Sources inputSource) [0x00002] in <5203a5c4b7b540bb89a41940082830a4>:0 
  at Valve.VR.SteamVR_Action_Source_Map`1[SourceElement].get_Item (Valve.VR.SteamVR_Input_Sources inputSource) [0x00000] in <5203a5c4b7b540bb89a41940082830a4>:0 
  at Valve.VR.SteamVR_Action`2[SourceMap,SourceElement].get_Item (Valve.VR.SteamVR_Input_Sources inputSource) [0x00000] in <5203a5c4b7b540bb89a41940082830a4>:0 
  at VTSteamVRController.Update () [0x00186] in <226593bbbbe6484782634e19412f95b0>:0 

Fading out
Invoking OnVRHeadChanged
Actor recording velocity (MineBoat (Mine Boat))
New audio listener: Camera (eye)
Invoking OnVRHeadChanged
Actor recording velocity (FA-26B AI (F/A-26B))
Actor recording velocity (FA-26B AI (1) (F/A-26B))
Actor recording velocity (null)
Actor recording velocity (elevatorLeft (1) ())
intro next frame
notif 0
notif 1
notif 2
notif 3
NullReferenceException: Object reference not set to an instance of an object
  at Valve.VR.SteamVR_Action_Boolean_Source.UpdateValue () [0x00028] in <5203a5c4b7b540bb89a41940082830a4>:0 
  at Valve.VR.SteamVR_Action_In_Source_Map`1[SourceElement].ForceAddSourceToUpdateList (Valve.VR.SteamVR_Input_Sources inputSource) [0x00068] in <5203a5c4b7b540bb89a41940082830a4>:0 
  at Valve.VR.SteamVR_Action_In_Source_Map`1[SourceElement].OnAccessSource (Valve.VR.SteamVR_Input_Sources inputSource) [0x00007] in <5203a5c4b7b540bb89a41940082830a4>:0 
  at Valve.VR.SteamVR_Action_Source_Map`1[SourceElement].GetSourceElementForIndexer (Valve.VR.SteamVR_Input_Sources inputSource) [0x00002] in <5203a5c4b7b540bb89a41940082830a4>:0 
  at Valve.VR.SteamVR_Action_Source_Map`1[SourceElement].get_Item (Valve.VR.SteamVR_Input_Sources inputSource) [0x00000] in <5203a5c4b7b540bb89a41940082830a4>:0 
  at Valve.VR.SteamVR_Action`2[SourceMap,SourceElement].get_Item (Valve.VR.SteamVR_Input_Sources inputSource) [0x00000] in <5203a5c4b7b540bb89a41940082830a4>:0 
  at VTSteamVRController.Update () [0x00236] in <226593bbbbe6484782634e19412f95b0>:0 

NullReferenceException: Object reference not set to an instance of an object
  at Valve.VR.SteamVR_Action_Boolean_Source.UpdateValue () [0x00028] in <5203a5c4b7b540bb89a41940082830a4>:0 
  at Valve.VR.SteamVR_Action_In_Source_Map`1[SourceElement].ForceAddSourceToUpdateList (Valve.VR.SteamVR_Input_Sources inputSource) [0x00068] in <5203a5c4b7b540bb89a41940082830a4>:0 
  at Valve.VR.SteamVR_Action_In_Source_Map`1[SourceElement].OnAccessSource (Valve.VR.SteamVR_Input_Sources inputSource) [0x00007] in <5203a5c4b7b540bb89a41940082830a4>:0 
  at Valve.VR.SteamVR_Action_Source_Map`1[SourceElement].GetSourceElementForIndexer (Valve.VR.SteamVR_Input_Sources inputSource) [0x00002] in <5203a5c4b7b540bb89a41940082830a4>:0 
  at Valve.VR.SteamVR_Action_Source_Map`1[SourceElement].get_Item (Valve.VR.SteamVR_Input_Sources inputSource) [0x00000] in <5203a5c4b7b540bb89a41940082830a4>:0 
  at Valve.VR.SteamVR_Action`2[SourceMap,SourceElement].get_Item (Valve.VR.SteamVR_Input_Sources inputSource) [0x00000] in <5203a5c4b7b540bb89a41940082830a4>:0 
  at VTSteamVRController.Update () [0x00186] in <226593bbbbe6484782634e19412f95b0>:0 

Setting mission start time (FlightReadyRoutine)
Set mission start time to 32.7459
Fading out
AV-42CAI (AV-42C) set rb vel from InitialFlyRoutine ((-53.3, 0.0, 52.7))
VTOL4AI (Xray1-2) set rb vel from InitialLandRoutine 1 ((0.0, 0.0, 0.0))
FA-26B AI (F/A-26B) set rb vel from InitialFlyRoutine ((-31.2, 0.0, 298.4))
FA-26B AI (1) (F/A-26B) set rb vel from InitialFlyRoutine ((-31.2, 0.0, 298.4))
Initially landing AIPilot VTOL4AI
VTOL4AI (Xray1-2) set rb vel from InitialLandRoutine 2 ((0.0, 0.0, 0.0))
NullReferenceException: Object reference not set to an instance of an object
  at Valve.VR.SteamVR_Action_Boolean_Source.UpdateValue () [0x00028] in <5203a5c4b7b540bb89a41940082830a4>:0 
  at Valve.VR.SteamVR_Action_In_Source_Map`1[SourceElement].ForceAddSourceToUpdateList (Valve.VR.SteamVR_Input_Sources inputSource) [0x00068] in <5203a5c4b7b540bb89a41940082830a4>:0 
  at Valve.VR.SteamVR_Action_In_Source_Map`1[SourceElement].OnAccessSource (Valve.VR.SteamVR_Input_Sources inputSource) [0x00007] in <5203a5c4b7b540bb89a41940082830a4>:0 
  at Valve.VR.SteamVR_Action_Source_Map`1[SourceElement].GetSourceElementForIndexer (Valve.VR.SteamVR_Input_Sources inputSource) [0x00002] in <5203a5c4b7b540bb89a41940082830a4>:0 
  at Valve.VR.SteamVR_Action_Source_Map`1[SourceElement].get_Item (Valve.VR.SteamVR_Input_Sources inputSource) [0x00000] in <5203a5c4b7b540bb89a41940082830a4>:0 
  at Valve.VR.SteamVR_Action`2[SourceMap,SourceElement].get_Item (Valve.VR.SteamVR_Input_Sources inputSource) [0x00000] in <5203a5c4b7b540bb89a41940082830a4>:0 
  at VTSteamVRController.Update () [0x0028d] in <226593bbbbe6484782634e19412f95b0>:0 

NullReferenceException: Object reference not set to an instance of an object
  at Valve.VR.SteamVR_Action_Boolean_Source.UpdateValue () [0x00028] in <5203a5c4b7b540bb89a41940082830a4>:0 
  at Valve.VR.SteamVR_Action_In_Source_Map`1[SourceElement].ForceAddSourceToUpdateList (Valve.VR.SteamVR_Input_Sources inputSource) [0x00068] in <5203a5c4b7b540bb89a41940082830a4>:0 
  at Valve.VR.SteamVR_Action_In_Source_Map`1[SourceElement].OnAccessSource (Valve.VR.SteamVR_Input_Sources inputSource) [0x00007] in <5203a5c4b7b540bb89a41940082830a4>:0 
  at Valve.VR.SteamVR_Action_Source_Map`1[SourceElement].GetSourceElementForIndexer (Valve.VR.SteamVR_Input_Sources inputSource) [0x00002] in <5203a5c4b7b540bb89a41940082830a4>:0 
  at Valve.VR.SteamVR_Action_Source_Map`1[SourceElement].get_Item (Valve.VR.SteamVR_Input_Sources inputSource) [0x00000] in <5203a5c4b7b540bb89a41940082830a4>:0 
  at Valve.VR.SteamVR_Action`2[SourceMap,SourceElement].get_Item (Valve.VR.SteamVR_Input_Sources inputSource) [0x00000] in <5203a5c4b7b540bb89a41940082830a4>:0 
  at VTSteamVRController.Update () [0x00236] in <226593bbbbe6484782634e19412f95b0>:0 

F-45A AI (F-45A) set rb vel from InitialFlyRoutine ((-39.8, 0.1, 256.9))
Uploading Crash Report
NullReferenceException: Object reference not set to an instance of an object
  at Valve.VR.SteamVR_Input_Source.GetHandle (Valve.VR.SteamVR_Input_Sources inputSource) [0x00002] in <5203a5c4b7b540bb89a41940082830a4>:0 
  at Valve.VR.SteamVR_Action_Single_Source.UpdateValue () [0x00034] in <5203a5c4b7b540bb89a41940082830a4>:0 
  at Valve.VR.SteamVR_Action_In_Source_Map`1[SourceElement].ForceAddSourceToUpdateList (Valve.VR.SteamVR_Input_Sources inputSource) [0x00068] in <5203a5c4b7b540bb89a41940082830a4>:0 
  at Valve.VR.SteamVR_Action_In_Source_Map`1[SourceElement].OnAccessSource (Valve.VR.SteamVR_Input_Sources inputSource) [0x00007] in <5203a5c4b7b540bb89a41940082830a4>:0 
  at Valve.VR.SteamVR_Action_Source_Map`1[SourceElement].GetSourceElementForIndexer (Valve.VR.SteamVR_Input_Sources inputSource) [0x00002] in <5203a5c4b7b540bb89a41940082830a4>:0 
  at Valve.VR.SteamVR_Action_Source_Map`1[SourceElement].get_Item (Valve.VR.SteamVR_Input_Sources inputSource) [0x00000] in <5203a5c4b7b540bb89a41940082830a4>:0 
  at Valve.VR.SteamVR_Action`2[SourceMap,SourceElement].get_Item (Valve.VR.SteamVR_Input_Sources inputSource) [0x00000] in <5203a5c4b7b540bb89a41940082830a4>:0 
  at VTSteamVRController.Update () [0x002e4] in <226593bbbbe6484782634e19412f95b0>:0 

NullReferenceException: Object reference not set to an instance of an object
  at Valve.VR.SteamVR_Action_Boolean_Source.UpdateValue () [0x00028] in <5203a5c4b7b540bb89a41940082830a4>:0 
  at Valve.VR.SteamVR_Action_In_Source_Map`1[SourceElement].ForceAddSourceToUpdateList (Valve.VR.SteamVR_Input_Sources inputSource) [0x00068] in <5203a5c4b7b540bb89a41940082830a4>:0 
  at Valve.VR.SteamVR_Action_In_Source_Map`1[SourceElement].OnAccessSource (Valve.VR.SteamVR_Input_Sources inputSource) [0x00007] in <5203a5c4b7b540bb89a41940082830a4>:0 
  at Valve.VR.SteamVR_Action_Source_Map`1[SourceElement].GetSourceElementForIndexer (Valve.VR.SteamVR_Input_Sources inputSource) [0x00002] in <5203a5c4b7b540bb89a41940082830a4>:0 
  at Valve.VR.SteamVR_Action_Source_Map`1[SourceElement].get_Item (Valve.VR.SteamVR_Input_Sources inputSource) [0x00000] in <5203a5c4b7b540bb89a41940082830a4>:0 
  at Valve.VR.SteamVR_Action`2[SourceMap,SourceElement].get_Item (Valve.VR.SteamVR_Input_Sources inputSource) [0x00000] in <5203a5c4b7b540bb89a41940082830a4>:0 
  at VTSteamVRController.Update () [0x0028d] in <226593bbbbe6484782634e19412f95b0>:0 

NullReferenceException: Object reference not set to an instance of an object
  at Valve.VR.SteamVR_Input_Source.GetHandle (Valve.VR.SteamVR_Input_Sources inputSource) [0x00002] in <5203a5c4b7b540bb89a41940082830a4>:0 
  at Valve.VR.SteamVR_Action_Single_Source.UpdateValue () [0x00034] in <5203a5c4b7b540bb89a41940082830a4>:0 
  at Valve.VR.SteamVR_Action_In_Source_Map`1[SourceElement].ForceAddSourceToUpdateList (Valve.VR.SteamVR_Input_Sources inputSource) [0x00068] in <5203a5c4b7b540bb89a41940082830a4>:0 
  at Valve.VR.SteamVR_Action_In_Source_Map`1[SourceElement].OnAccessSource (Valve.VR.SteamVR_Input_Sources inputSource) [0x00007] in <5203a5c4b7b540bb89a41940082830a4>:0 
  at Valve.VR.SteamVR_Action_Source_Map`1[SourceElement].GetSourceElementForIndexer (Valve.VR.SteamVR_Input_Sources inputSource) [0x00002] in <5203a5c4b7b540bb89a41940082830a4>:0 
  at Valve.VR.SteamVR_Action_Source_Map`1[SourceElement].get_Item (Valve.VR.SteamVR_Input_Sources inputSource) [0x00000] in <5203a5c4b7b540bb89a41940082830a4>:0 
  at Valve.VR.SteamVR_Action`2[SourceMap,SourceElement].get_Item (Valve.VR.SteamVR_Input_Sources inputSource) [0x00000] in <5203a5c4b7b540bb89a41940082830a4>:0 
  at VTSteamVRController.Update () [0x002e4] in <226593bbbbe6484782634e19412f95b0>:0 

Saving game settings to roaming data directory.
Fading in (1)
Unpausing Controller Events
Firing timed event: vtolLand - Time: 32.9829
AV-42CAI (AV-42C) requested landing. VTOL Mode: VTOLAllowed
 - found suitable parking spot: Parking Node (1)
AV-42CAI is requesting landing.  Directing to CarrierRunway
AV-42CAI (AV-42C) is occupying parking spot  [0]
 - request accepted for runway landing
 Async loading: VTEdit/WingmanVoiceProfiles/Archangel
 Async loading: AWACSVoices/Shadow
 Async loading: GroundCrewVoices/GroundCrewTesla
Firing timed event: lift - Time: 33.73893
No true identity found for MineBoat (Mine Boat). Creating fallback.
 Async loading: VTEdit/WingmanVoiceProfiles/Bones
 Async loading: AWACSVoices/Mercy404
 Async loading: GroundCrewVoices/Chinny
 Async loading: VTEdit/WingmanVoiceProfiles/Death
 Async loading: AWACSVoices/Nodoka
 Async loading: GroundCrewVoices/DrWhite
 Async loading: VTEdit/WingmanVoiceProfiles/Dragon
Finished loading assets of type AWACSVoiceProfile ASYNC. (9.617 s)
Finished loading assets of type GroundCrewVoiceProfile ASYNC. (9.524 s)
 Async loading: VTEdit/WingmanVoiceProfiles/Fyrcat
No true identity found for PhalanxUnitRear (Phalanx). Creating fallback.
No true identity found for MK29RearRight (MK29 Launcher). Creating fallback.
 Async loading: VTEdit/WingmanVoiceProfiles/Gryphus 1
 Async loading: VTEdit/WingmanVoiceProfiles/Guard
 Async loading: VTEdit/WingmanVoiceProfiles/Jazzy
 Async loading: VTEdit/WingmanVoiceProfiles/Junior
 Async loading: VTEdit/WingmanVoiceProfiles/Mustang
 Async loading: VTEdit/WingmanVoiceProfiles/Pequod
 Async loading: VTEdit/WingmanVoiceProfiles/Ranger
 Async loading: VTEdit/WingmanVoiceProfiles/Sereph
 Async loading: VTEdit/WingmanVoiceProfiles/Shamrock
 Async loading: VTEdit/WingmanVoiceProfiles/Spaniel
 Async loading: VTEdit/WingmanVoiceProfiles/Templar
AIPilot FlyToStarting turnRad = 1355.206
 Async loading: VTEdit/WingmanVoiceProfiles/Tesla
 Async loading: VTEdit/WingmanVoiceProfiles/Texas
Firing timed event: fighterFlares - Time: 43.7393
 Async loading: VTEdit/WingmanVoiceProfiles/Tuuvas
 Async loading: VTEdit/WingmanVoiceProfiles/Vyxenah
 Async loading: VTEdit/WingmanVoiceProfiles/Wild_Man
 Async loading: VTEdit/WingmanVoiceProfiles/Wolf
 Async loading: VTEdit/WingmanVoiceProfiles/Zeus
Finished loading assets of type WingmanVoiceProfile ASYNC. (20.522 s)
Firing timed event: takeoff - Time: 51.2486
VTOL4AI (Xray1-2) taking off vertically.  StartAlt:23.82007 targetAltitude:30
New batched raycast native array length: 17
No true identity found for PhalanxUnitFrontLeft (Phalanx). Creating fallback.
No true identity found for MK29FrontLeft (MK29 Launcher). Creating fallback.
No true identity found for MK29RearLeft (MK29 Launcher). Creating fallback.
Firing timed event: landf45 - Time: 52.75356
F-45A AI (F-45A) requested landing. VTOL Mode: VTOLAllowed
 - found suitable parking spot: Parking Node
F-45A AI is requesting landing.  Directing to CarrierRunway
F-45A AI (F-45A) is occupying parking spot  [1]
 - request accepted for runway landing
Firing timed event: fightersTurn - Time: 57.76058
No true identity found for FA-26B AI (F/A-26B). Creating fallback.
No true identity found for FA-26B AI (1) (F/A-26B). Creating fallback.
AV-42CAI deploying gear.
Firing timed event: fightersFlyby - Time: 72.76206
FA-26B AI (1) (F/A-26B) requested landing. VTOL Mode: NoVTOL
 - request denied for some reason: 
LandingRequestResponse:
accepted [False]
incompatible [False]
parkingSpace [null]
runway [null]
landingPad [null]
Firing timed event: attack - Time: 72.77122
FlightLogger: Tailhook caught arrestor cable: Cable (7)
Firing timed event: landFighters - Time: 110.778
FA-26B AI (F/A-26B) requested landing. VTOL Mode: NoVTOL
 - request denied for some reason: 
LandingRequestResponse:
accepted [False]
incompatible [False]
parkingSpace [null]
runway [null]
landingPad [null]
AV-42CAI (AV-42C) set carrier spawn idx -1
AV-42CAI (AV-42C) set rb vel from DestroyLandedJoint ((0.0, 0.0, 0.0))
AIPilot FlyToStarting turnRad = 1470.646
471460 ModuleEngine.SetPower(0)
471460 ModuleEngine.ToggleEngine() to False
471736 ModuleEngine.SetPower(0)
471736 ModuleEngine.ToggleEngine() to False
F-45A AI deploying gear.
FlightLogger: Tailhook caught arrestor cable: Cable (4)
F-45A AI (F-45A) set carrier spawn idx -1
F-45A AI (F-45A) set rb vel from DestroyLandedJoint ((0.0, 0.0, 0.0))
471472 ModuleEngine.SetPower(0)
471472 ModuleEngine.ToggleEngine() to False
New wind array length: 22
Uploading Crash Report
Uploading Crash Report
Uploading Crash Report
Uploading Crash Report
Uploading Crash Report
Releasing render texture that is set as Camera.targetTexture!
Releasing render texture that is set as Camera.targetTexture!
Releasing render texture that is set as Camera.targetTexture!
Releasing render texture that is set as Camera.targetTexture!
SteamClient Shutdown
Max wind receivers: 11
Cancelling navMap task
Invoking OnVRHeadChanged
VTNetworkManager OnDestroy
XRLoaderSelector.StopXR()
 - Stopping Oculus Loader
[XR] Error setting developer mode strict: Not Initialized
Failed to set DeveloperMode to false on Stop.
System.Threading.ThreadAbortException
  at (wrapper managed-to-native) System.Threading.WaitHandle.Wait_internal(intptr*,int,bool,int)
  at System.Threading.WaitHandle.WaitOneNative (System.Runtime.InteropServices.SafeHandle waitableSafeHandle, System.UInt32 millisecondsTimeout, System.Boolean hasThreadAffinity, System.Boolean exitContext) [0x00019] in <695d1cc93cca45069c528c15c9fdd749>:0 
  at System.Threading.WaitHandle.InternalWaitOne (System.Runtime.InteropServices.SafeHandle waitableSafeHandle, System.Int64 millisecondsTimeout, System.Boolean hasThreadAffinity, System.Boolean exitContext) [0x00014] in <695d1cc93cca45069c528c15c9fdd749>:0 
  at System.Threading.WaitHandle.WaitOne (System.Int64 timeout, System.Boolean exitContext) [0x00000] in <695d1cc93cca45069c528c15c9fdd749>:0 
  at System.Threading.WaitHandle.WaitOne (System.Int32 millisecondsTimeout, System.Boolean exitContext) [0x00019] in <695d1cc93cca45069c528c15c9fdd749>:0 
  at System.Threading.WaitHandle.WaitOne () [0x00000] in <695d1cc93cca45069c528c15c9fdd749>:0 
  at MTActorDataSystem.NavMapThread () [0x00514] in <226593bbbbe6484782634e19412f95b0>:0 
